<?xml version="1.0" encoding="UTF-8"?>
<testsuite name="hibernate.ogm.HikeQueryTestTestNG" tests="1" skipped="0" failures="1" errors="0" timestamp="2020-03-24T08:13:06" hostname="DESKTOP-KTDMR0N" time="0.11">
  <properties/>
  <testcase name="canSearchUsingJPQLQuery" classname="hibernate.ogm.HikeQueryTestTestNG" time="0.11">
    <failure message="javax.persistence.PersistenceException: org.hibernate.HibernateException: OGM000024: Syntax error in query: [SELECT h FROM Hike3 h]" type="javax.persistence.PersistenceException">javax.persistence.PersistenceException: org.hibernate.HibernateException: OGM000024: Syntax error in query: [SELECT h FROM Hike3 h]
	at org.hibernate.internal.ExceptionConverterImpl.convert(ExceptionConverterImpl.java:154)
	at org.hibernate.internal.ExceptionConverterImpl.convert(ExceptionConverterImpl.java:181)
	at org.hibernate.internal.ExceptionConverterImpl.convert(ExceptionConverterImpl.java:188)
	at org.hibernate.internal.AbstractSharedSessionContract.createQuery(AbstractSharedSessionContract.java:713)
	at org.hibernate.internal.AbstractSharedSessionContract.createQuery(AbstractSharedSessionContract.java:729)
	at org.hibernate.engine.spi.SessionDelegatorBaseImpl.createQuery(SessionDelegatorBaseImpl.java:570)
	at org.hibernate.engine.spi.SessionDelegatorBaseImpl.createQuery(SessionDelegatorBaseImpl.java:81)
	at hibernate.ogm.HikeQueryTestTestNG.canSearchUsingJPQLQuery(HikeQueryTestTestNG.java:39)
	at sun.reflect.NativeMethodAccessorImpl.invoke0(Native Method)
	at sun.reflect.NativeMethodAccessorImpl.invoke(NativeMethodAccessorImpl.java:62)
	at sun.reflect.DelegatingMethodAccessorImpl.invoke(DelegatingMethodAccessorImpl.java:43)
	at java.lang.reflect.Method.invoke(Method.java:498)
	at org.testng.internal.MethodInvocationHelper.invokeMethod(MethodInvocationHelper.java:134)
	at org.testng.internal.TestInvoker.invokeMethod(TestInvoker.java:597)
	at org.testng.internal.TestInvoker.invokeTestMethod(TestInvoker.java:173)
	at org.testng.internal.MethodRunner.runInSequence(MethodRunner.java:46)
	at org.testng.internal.TestInvoker$MethodInvocationAgent.invoke(TestInvoker.java:816)
	at org.testng.internal.TestInvoker.invokeTestMethods(TestInvoker.java:146)
	at org.testng.internal.TestMethodWorker.invokeTestMethods(TestMethodWorker.java:146)
	at org.testng.internal.TestMethodWorker.run(TestMethodWorker.java:128)
	at java.util.ArrayList.forEach(ArrayList.java:1257)
	at org.testng.TestRunner.privateRun(TestRunner.java:766)
	at org.testng.TestRunner.run(TestRunner.java:587)
	at org.testng.SuiteRunner.runTest(SuiteRunner.java:384)
	at org.testng.SuiteRunner.runSequentially(SuiteRunner.java:378)
	at org.testng.SuiteRunner.privateRun(SuiteRunner.java:337)
	at org.testng.SuiteRunner.run(SuiteRunner.java:286)
	at org.testng.SuiteRunnerWorker.runSuite(SuiteRunnerWorker.java:53)
	at org.testng.SuiteRunnerWorker.run(SuiteRunnerWorker.java:96)
	at org.testng.TestNG.runSuitesSequentially(TestNG.java:1187)
	at org.testng.TestNG.runSuitesLocally(TestNG.java:1109)
	at org.testng.TestNG.runSuites(TestNG.java:1039)
	at org.testng.TestNG.run(TestNG.java:1007)
	at org.gradle.api.internal.tasks.testing.testng.TestNGTestClassProcessor.runTests(TestNGTestClassProcessor.java:141)
	at org.gradle.api.internal.tasks.testing.testng.TestNGTestClassProcessor.stop(TestNGTestClassProcessor.java:90)
	at org.gradle.api.internal.tasks.testing.SuiteTestClassProcessor.stop(SuiteTestClassProcessor.java:61)
	at sun.reflect.NativeMethodAccessorImpl.invoke0(Native Method)
	at sun.reflect.NativeMethodAccessorImpl.invoke(NativeMethodAccessorImpl.java:62)
	at sun.reflect.DelegatingMethodAccessorImpl.invoke(DelegatingMethodAccessorImpl.java:43)
	at java.lang.reflect.Method.invoke(Method.java:498)
	at org.gradle.internal.dispatch.ReflectionDispatch.dispatch(ReflectionDispatch.java:35)
	at org.gradle.internal.dispatch.ReflectionDispatch.dispatch(ReflectionDispatch.java:24)
	at org.gradle.internal.dispatch.ContextClassLoaderDispatch.dispatch(ContextClassLoaderDispatch.java:32)
	at org.gradle.internal.dispatch.ProxyDispatchAdapter$DispatchingInvocationHandler.invoke(ProxyDispatchAdapter.java:93)
	at com.sun.proxy.$Proxy2.stop(Unknown Source)
	at org.gradle.api.internal.tasks.testing.worker.TestWorker.stop(TestWorker.java:132)
	at sun.reflect.NativeMethodAccessorImpl.invoke0(Native Method)
	at sun.reflect.NativeMethodAccessorImpl.invoke(NativeMethodAccessorImpl.java:62)
	at sun.reflect.DelegatingMethodAccessorImpl.invoke(DelegatingMethodAccessorImpl.java:43)
	at java.lang.reflect.Method.invoke(Method.java:498)
	at org.gradle.internal.dispatch.ReflectionDispatch.dispatch(ReflectionDispatch.java:35)
	at org.gradle.internal.dispatch.ReflectionDispatch.dispatch(ReflectionDispatch.java:24)
	at org.gradle.internal.remote.internal.hub.MessageHubBackedObjectConnection$DispatchWrapper.dispatch(MessageHubBackedObjectConnection.java:175)
	at org.gradle.internal.remote.internal.hub.MessageHubBackedObjectConnection$DispatchWrapper.dispatch(MessageHubBackedObjectConnection.java:157)
	at org.gradle.internal.remote.internal.hub.MessageHub$Handler.run(MessageHub.java:404)
	at org.gradle.internal.concurrent.ExecutorPolicy$CatchAndRecordFailures.onExecute(ExecutorPolicy.java:63)
	at org.gradle.internal.concurrent.ManagedExecutorImpl$1.run(ManagedExecutorImpl.java:46)
	at java.util.concurrent.ThreadPoolExecutor.runWorker(ThreadPoolExecutor.java:1149)
	at java.util.concurrent.ThreadPoolExecutor$Worker.run(ThreadPoolExecutor.java:624)
	at org.gradle.internal.concurrent.ThreadFactoryImpl$ManagedThreadRunnable.run(ThreadFactoryImpl.java:55)
	at java.lang.Thread.run(Thread.java:748)
Caused by: org.hibernate.HibernateException: OGM000024: Syntax error in query: [SELECT h FROM Hike3 h]
	at org.hibernate.ogm.query.impl.LegacyParserBridgeQueryTranslator.compile(LegacyParserBridgeQueryTranslator.java:53)
	at org.hibernate.engine.query.spi.HQLQueryPlan.&lt;init&gt;(HQLQueryPlan.java:119)
	at org.hibernate.engine.query.spi.HQLQueryPlan.&lt;init&gt;(HQLQueryPlan.java:80)
	at org.hibernate.engine.query.spi.QueryPlanCache.getHQLQueryPlan(QueryPlanCache.java:153)
	at org.hibernate.internal.AbstractSharedSessionContract.getQueryPlan(AbstractSharedSessionContract.java:595)
	at org.hibernate.internal.AbstractSharedSessionContract.createQuery(AbstractSharedSessionContract.java:704)
	... 57 more
Caused by: org.hibernate.hql.internal.ast.QuerySyntaxException: Hike3 is not mapped [SELECT h FROM Hike3 h]
	at org.hibernate.hql.internal.ast.QuerySyntaxException.generateQueryException(QuerySyntaxException.java:79)
	at org.hibernate.QueryException.wrapWithQueryString(QueryException.java:103)
	at org.hibernate.hql.internal.ast.QueryTranslatorImpl.doCompile(QueryTranslatorImpl.java:219)
	at org.hibernate.hql.internal.ast.QueryTranslatorImpl.compile(QueryTranslatorImpl.java:143)
	at org.hibernate.ogm.query.impl.LegacyParserBridgeQueryTranslator.compile(LegacyParserBridgeQueryTranslator.java:50)
	... 62 more
Caused by: org.hibernate.hql.internal.ast.QuerySyntaxException: Hike3 is not mapped
	at org.hibernate.hql.internal.ast.util.SessionFactoryHelper.requireClassPersister(SessionFactoryHelper.java:169)
	at org.hibernate.hql.internal.ast.tree.FromElementFactory.addFromElement(FromElementFactory.java:91)
	at org.hibernate.hql.internal.ast.tree.FromClause.addFromElement(FromClause.java:79)
	at org.hibernate.hql.internal.ast.HqlSqlWalker.createFromElement(HqlSqlWalker.java:331)
	at org.hibernate.hql.internal.antlr.HqlSqlBaseWalker.fromElement(HqlSqlBaseWalker.java:3695)
	at org.hibernate.hql.internal.antlr.HqlSqlBaseWalker.fromElementList(HqlSqlBaseWalker.java:3584)
	at org.hibernate.hql.internal.antlr.HqlSqlBaseWalker.fromClause(HqlSqlBaseWalker.java:720)
	at org.hibernate.hql.internal.antlr.HqlSqlBaseWalker.query(HqlSqlBaseWalker.java:576)
	at org.hibernate.hql.internal.antlr.HqlSqlBaseWalker.selectStatement(HqlSqlBaseWalker.java:313)
	at org.hibernate.hql.internal.antlr.HqlSqlBaseWalker.statement(HqlSqlBaseWalker.java:261)
	at org.hibernate.hql.internal.ast.QueryTranslatorImpl.analyze(QueryTranslatorImpl.java:271)
	at org.hibernate.hql.internal.ast.QueryTranslatorImpl.doCompile(QueryTranslatorImpl.java:191)
	... 64 more
</failure>
  </testcase>
  <system-out><![CDATA[]]></system-out>
  <system-err><![CDATA[мар 24, 2020 11:13:03 AM org.hibernate.jpa.internal.util.LogHelper logPersistenceUnitInformation
INFO: HHH000204: Processing PersistenceUnitInfo [
	name: hikePu
	...]
мар 24, 2020 11:13:03 AM org.hibernate.Version logVersion
INFO: HHH000412: Hibernate Core {5.3.6.Final}
мар 24, 2020 11:13:03 AM org.hibernate.cfg.Environment <clinit>
INFO: HHH000206: hibernate.properties not found
мар 24, 2020 11:13:04 AM org.hibernate.annotations.common.reflection.java.JavaReflectionManager <clinit>
INFO: HCANN000001: Hibernate Commons Annotations {5.0.4.Final}
мар 24, 2020 11:13:04 AM org.hibernate.ogm.datastore.impl.DatastoreProviderInitiator initiateService
INFO: OGM000016: NoSQL Datastore provider: org.hibernate.ogm.datastore.mongodb.impl.MongoDBDatastoreProvider
мар 24, 2020 11:13:05 AM org.hibernate.ogm.datastore.mongodb.impl.MongoDBDatastoreProvider createMongoClient
INFO: OGM001201: Connecting to MongoDB at localhost:3001 with a timeout set at 10000 millisecond(s)
мар 24, 2020 11:13:05 AM com.mongodb.diagnostics.logging.JULLogger log
INFO: Cluster created with settings {hosts=[localhost:3001], mode=MULTIPLE, requiredClusterType=UNKNOWN, serverSelectionTimeout='30000 ms', maxWaitQueueSize=500}
мар 24, 2020 11:13:05 AM com.mongodb.diagnostics.logging.JULLogger log
INFO: Adding discovered server localhost:3001 to client view of cluster
мар 24, 2020 11:13:05 AM org.hibernate.ogm.datastore.mongodb.impl.MongoDBDatastoreProvider extractDatabase
INFO: OGM001207: Connecting to Mongo database named [meteor].
мар 24, 2020 11:13:05 AM com.mongodb.diagnostics.logging.JULLogger log
INFO: Cluster description not yet available. Waiting for 30000 ms before timing out
мар 24, 2020 11:13:05 AM com.mongodb.diagnostics.logging.JULLogger log
INFO: Opened connection [connectionId{localValue:1, serverValue:39}] to localhost:3001
мар 24, 2020 11:13:05 AM com.mongodb.diagnostics.logging.JULLogger log
INFO: Monitor thread successfully connected to server with description ServerDescription{address=localhost:3001, type=REPLICA_SET_PRIMARY, state=CONNECTED, ok=true, version=ServerVersion{versionList=[4, 0, 6]}, minWireVersion=0, maxWireVersion=7, maxDocumentSize=16777216, logicalSessionTimeoutMinutes=30, roundTripTimeNanos=6990000, setName='meteor', canonicalAddress=127.0.0.1:3001, hosts=[127.0.0.1:3001], passives=[], arbiters=[], primary='127.0.0.1:3001', tagSet=TagSet{[]}, electionId=7fffffff000000000000001b, setVersion=1594498, lastWriteDate=Tue May 12 01:01:24 MSK 2020, lastUpdateTimeNanos=4396679360200}
мар 24, 2020 11:13:05 AM com.mongodb.diagnostics.logging.JULLogger log
INFO: Discovered cluster type of REPLICA_SET
мар 24, 2020 11:13:05 AM com.mongodb.diagnostics.logging.JULLogger log
INFO: Adding discovered server 127.0.0.1:3001 to client view of cluster
мар 24, 2020 11:13:05 AM com.mongodb.diagnostics.logging.JULLogger log
INFO: Server localhost:3001 is no longer a member of the replica set.  Removing from client view of cluster.
мар 24, 2020 11:13:05 AM com.mongodb.diagnostics.logging.JULLogger log
INFO: Canonical address 127.0.0.1:3001 does not match server address.  Removing localhost:3001 from client view of cluster
мар 24, 2020 11:13:05 AM com.mongodb.diagnostics.logging.JULLogger log
INFO: No server chosen by com.mongodb.client.internal.MongoClientDelegate$1@4f62b5f9 from cluster description ClusterDescription{type=REPLICA_SET, connectionMode=MULTIPLE, serverDescriptions=[ServerDescription{address=127.0.0.1:3001, type=UNKNOWN, state=CONNECTING}]}. Waiting for 30000 ms before timing out
мар 24, 2020 11:13:05 AM com.mongodb.diagnostics.logging.JULLogger log
INFO: Opened connection [connectionId{localValue:2, serverValue:40}] to 127.0.0.1:3001
мар 24, 2020 11:13:05 AM com.mongodb.diagnostics.logging.JULLogger log
INFO: Monitor thread successfully connected to server with description ServerDescription{address=127.0.0.1:3001, type=REPLICA_SET_PRIMARY, state=CONNECTED, ok=true, version=ServerVersion{versionList=[4, 0, 6]}, minWireVersion=0, maxWireVersion=7, maxDocumentSize=16777216, logicalSessionTimeoutMinutes=30, roundTripTimeNanos=4741099, setName='meteor', canonicalAddress=127.0.0.1:3001, hosts=[127.0.0.1:3001], passives=[], arbiters=[], primary='127.0.0.1:3001', tagSet=TagSet{[]}, electionId=7fffffff000000000000001b, setVersion=1594498, lastWriteDate=Tue May 12 01:01:24 MSK 2020, lastUpdateTimeNanos=4396709461800}
мар 24, 2020 11:13:05 AM com.mongodb.diagnostics.logging.JULLogger log
INFO: Setting max election id to 7fffffff000000000000001b from replica set primary 127.0.0.1:3001
мар 24, 2020 11:13:05 AM com.mongodb.diagnostics.logging.JULLogger log
INFO: Setting max set version to 1594498 from replica set primary 127.0.0.1:3001
мар 24, 2020 11:13:05 AM com.mongodb.diagnostics.logging.JULLogger log
INFO: Discovered replica set primary 127.0.0.1:3001
мар 24, 2020 11:13:05 AM com.mongodb.diagnostics.logging.JULLogger log
INFO: Opened connection [connectionId{localValue:3, serverValue:41}] to 127.0.0.1:3001
мар 24, 2020 11:13:06 AM org.hibernate.ogm.dialect.impl.GridDialectInitiator$GridDialectInstantiator newInstance
INFO: OGM000017: Grid Dialect: org.hibernate.ogm.dialect.impl.BatchOperationsDelegator
мар 24, 2020 11:13:06 AM org.hibernate.ogm.dialect.impl.GridDialectInitiator$GridDialectInstantiator newInstance
INFO: Grid dialect logs are disabled
мар 24, 2020 11:13:06 AM org.hibernate.ogm.dialect.impl.GridDialectInitiator$GridDialectInstantiator newInstance
INFO: OGM000017: Grid Dialect: org.hibernate.ogm.dialect.impl.BatchOperationsDelegator
мар 24, 2020 11:13:06 AM org.hibernate.ogm.dialect.impl.GridDialectInitiator$GridDialectInstantiator newInstance
INFO: Grid dialect logs are disabled
мар 24, 2020 11:13:06 AM org.hibernate.dialect.Dialect <init>
INFO: HHH000400: Using dialect: org.hibernate.ogm.dialect.impl.OgmDialect
мар 24, 2020 11:13:06 AM org.hibernate.engine.jdbc.env.internal.JdbcEnvironmentInitiator initiateService
WARN: HHH000342: Could not obtain connection to query metadata : null
мар 24, 2020 11:13:06 AM org.hibernate.dialect.Dialect <init>
INFO: HHH000400: Using dialect: org.hibernate.ogm.dialect.impl.OgmDialect
мар 24, 2020 11:13:06 AM org.hibernate.engine.jdbc.env.internal.LobCreatorBuilderImpl makeLobCreatorBuilder
INFO: HHH000422: Disabling contextual LOB creation as connection was null
мар 24, 2020 11:13:06 AM org.hibernate.ogm.cfg.impl.Version <clinit>
INFO: OGM000001: Hibernate OGM 5.4.0.Final
мар 24, 2020 11:13:06 AM org.hibernate.ogm.transaction.impl.OgmJtaPlatformInitiator initiateService
INFO: OGM000075: JBoss Transaction Manager (com.arjuna.ats.jta.TransactionManager) detected on classpath. Using JBossStandAloneJtaPlatform as JTAPlatform implementation
мар 24, 2020 11:13:06 AM org.hibernate.ogm.datastore.mongodb.impl.MongoDBDatastoreProvider stop
INFO: OGM001202: Closing connection to MongoDB
мар 24, 2020 11:13:06 AM com.mongodb.diagnostics.logging.JULLogger log
INFO: Closed connection [connectionId{localValue:3, serverValue:41}] to 127.0.0.1:3001 because the pool has been closed.
]]></system-err>
</testsuite>
